
> @francoorg/box2@0.0.1 build
> nx run box2:build-storybook --output-dir /var/folders/q1/wcplx44n3mz7_hby0dc7z_fh0000gn/T/chromatic--15170-o3KjA2y54Xq7


> nx run box2:build-storybook --output-dir /var/folders/q1/wcplx44n3mz7_hby0dc7z_fh0000gn/T/chromatic--15170-o3KjA2y54Xq7

[1m@storybook/cli v7.6.14[22m
[1m[22m
info => Cleaning outputDir: [36m/var/folders/q1/wcplx44n3mz7_hby0dc7z_fh0000gn/T/chromatic--15170-o3KjA2y54Xq7[39m
info => Loading presets
info => Building manager..
info => Manager built ([38;2;181;126;229m91 ms[39m)
info => Building preview..
info => Copying static files: [36m/Users/veevart2023/Developer/Learning/franco-fronts/node_modules/@storybook/manager/static[39m at [36m/var/folders/q1/wcplx44n3mz7_hby0dc7z_fh0000gn/T/chromatic--15170-o3KjA2y54Xq7/sb-common-assets[39m
[vite:dts] You are building a library that may not need to generate declaration files.
[36mvite v4.3.9 [32mbuilding for production...[36m[39m
./sb-common-assets/fonts.css doesn't exist at build time, it will remain unchanged to be resolved at runtime
transforming...
../node_modules/telejson/dist/index.mjs (1413:15) Use of eval in "../node_modules/telejson/dist/index.mjs" is strongly discouraged as it poses security risks and may cause issues with minification.
../node_modules/telejson/dist/index.mjs (1416:18) Use of eval in "../node_modules/telejson/dist/index.mjs" is strongly discouraged as it poses security risks and may cause issues with minification.
[32m✓[39m 559 modules transformed.
Generated an empty chunk: "preview".
rendering chunks...
computing gzip size...
[2m../../../../../../var/folders/q1/wcplx44n3mz7_hby0dc7z_fh0000gn/T/chromatic--15170-o3KjA2y54Xq7/[22m[32miframe.html                                    [39m[1m[2m 12.64 kB[22m[1m[22m[2m │ gzip:   3.61 kB[22m
[2m../../../../../../var/folders/q1/wcplx44n3mz7_hby0dc7z_fh0000gn/T/chromatic--15170-o3KjA2y54Xq7/[22m[2massets/[22m[35mbox2.stories-828750a7.css               [39m[1m[2m  0.08 kB[22m[1m[22m[2m │ gzip:   0.10 kB[22m
[2m../../../../../../var/folders/q1/wcplx44n3mz7_hby0dc7z_fh0000gn/T/chromatic--15170-o3KjA2y54Xq7/[22m[2massets/[22m[36mpreview-4ed993c7.js                     [39m[1m[2m  0.00 kB[22m[1m[22m[2m │ gzip:   0.02 kB[22m
[2m../../../../../../var/folders/q1/wcplx44n3mz7_hby0dc7z_fh0000gn/T/chromatic--15170-o3KjA2y54Xq7/[22m[2massets/[22m[36m_commonjsHelpers-725317a4.js            [39m[1m[2m  0.24 kB[22m[1m[22m[2m │ gzip:   0.18 kB[22m
[2m../../../../../../var/folders/q1/wcplx44n3mz7_hby0dc7z_fh0000gn/T/chromatic--15170-o3KjA2y54Xq7/[22m[2massets/[22m[36mWithTooltip-V3YHNWJZ-5b00cac5.js        [39m[1m[2m  0.36 kB[22m[1m[22m[2m │ gzip:   0.24 kB[22m
[2m../../../../../../var/folders/q1/wcplx44n3mz7_hby0dc7z_fh0000gn/T/chromatic--15170-o3KjA2y54Xq7/[22m[2massets/[22m[36msyntaxhighlighter-V7JZZA35-4ba15f41.js  [39m[1m[2m  0.37 kB[22m[1m[22m[2m │ gzip:   0.26 kB[22m
[2m../../../../../../var/folders/q1/wcplx44n3mz7_hby0dc7z_fh0000gn/T/chromatic--15170-o3KjA2y54Xq7/[22m[2massets/[22m[36mpreview-9ef6bfb7.js                     [39m[1m[2m  0.45 kB[22m[1m[22m[2m │ gzip:   0.30 kB[22m
[2m../../../../../../var/folders/q1/wcplx44n3mz7_hby0dc7z_fh0000gn/T/chromatic--15170-o3KjA2y54Xq7/[22m[2massets/[22m[36mindex-2135c71e.js                       [39m[1m[2m  0.58 kB[22m[1m[22m[2m │ gzip:   0.35 kB[22m
[2m../../../../../../var/folders/q1/wcplx44n3mz7_hby0dc7z_fh0000gn/T/chromatic--15170-o3KjA2y54Xq7/[22m[2massets/[22m[36mindex-356e4a49.js                       [39m[1m[2m  0.77 kB[22m[1m[22m[2m │ gzip:   0.47 kB[22m
[2m../../../../../../var/folders/q1/wcplx44n3mz7_hby0dc7z_fh0000gn/T/chromatic--15170-o3KjA2y54Xq7/[22m[2massets/[22m[36mpreview-0ef86afd.js                     [39m[1m[2m  0.86 kB[22m[1m[22m[2m │ gzip:   0.55 kB[22m
[2m../../../../../../var/folders/q1/wcplx44n3mz7_hby0dc7z_fh0000gn/T/chromatic--15170-o3KjA2y54Xq7/[22m[2massets/[22m[36mentry-preview-229032a7.js               [39m[1m[2m  1.12 kB[22m[1m[22m[2m │ gzip:   0.66 kB[22m
[2m../../../../../../var/folders/q1/wcplx44n3mz7_hby0dc7z_fh0000gn/T/chromatic--15170-o3KjA2y54Xq7/[22m[2massets/[22m[36mbox2.stories-24d20911.js                [39m[1m[2m  1.68 kB[22m[1m[22m[2m │ gzip:   0.93 kB[22m
[2m../../../../../../var/folders/q1/wcplx44n3mz7_hby0dc7z_fh0000gn/T/chromatic--15170-o3KjA2y54Xq7/[22m[2massets/[22m[36mpreview-30b54f76.js                     [39m[1m[2m  3.21 kB[22m[1m[22m[2m │ gzip:   1.37 kB[22m
[2m../../../../../../var/folders/q1/wcplx44n3mz7_hby0dc7z_fh0000gn/T/chromatic--15170-o3KjA2y54Xq7/[22m[2massets/[22m[36miframe-0819f434.js                      [39m[1m[2m  3.56 kB[22m[1m[22m[2m │ gzip:   1.43 kB[22m
[2m../../../../../../var/folders/q1/wcplx44n3mz7_hby0dc7z_fh0000gn/T/chromatic--15170-o3KjA2y54Xq7/[22m[2massets/[22m[36mpreview-d01b88e8.js                     [39m[1m[2m  5.23 kB[22m[1m[22m[2m │ gzip:   2.39 kB[22m
[2m../../../../../../var/folders/q1/wcplx44n3mz7_hby0dc7z_fh0000gn/T/chromatic--15170-o3KjA2y54Xq7/[22m[2massets/[22m[36mindex-c013ead5.js                       [39m[1m[2m  7.16 kB[22m[1m[22m[2m │ gzip:   2.91 kB[22m
[2m../../../../../../var/folders/q1/wcplx44n3mz7_hby0dc7z_fh0000gn/T/chromatic--15170-o3KjA2y54Xq7/[22m[2massets/[22m[36mpreview-da31036b.js                     [39m[1m[2m  7.62 kB[22m[1m[22m[2m │ gzip:   1.56 kB[22m
[2m../../../../../../var/folders/q1/wcplx44n3mz7_hby0dc7z_fh0000gn/T/chromatic--15170-o3KjA2y54Xq7/[22m[2massets/[22m[36mpreview-c56bf6ac.js                     [39m[1m[2m  8.28 kB[22m[1m[22m[2m │ gzip:   3.16 kB[22m
[2m../../../../../../var/folders/q1/wcplx44n3mz7_hby0dc7z_fh0000gn/T/chromatic--15170-o3KjA2y54Xq7/[22m[2massets/[22m[36mColor-6VNJS4EI-ad022f56.js              [39m[1m[2m 30.98 kB[22m[1m[22m[2m │ gzip:  11.62 kB[22m
[2m../../../../../../var/folders/q1/wcplx44n3mz7_hby0dc7z_fh0000gn/T/chromatic--15170-o3KjA2y54Xq7/[22m[2massets/[22m[36mpreview-8f310eab.js                     [39m[1m[2m 72.07 kB[22m[1m[22m[2m │ gzip:  24.33 kB[22m
[2m../../../../../../var/folders/q1/wcplx44n3mz7_hby0dc7z_fh0000gn/T/chromatic--15170-o3KjA2y54Xq7/[22m[2massets/[22m[36m_getPrototype-525a453c.js               [39m[1m[2m 78.40 kB[22m[1m[22m[2m │ gzip:  23.40 kB[22m
[2m../../../../../../var/folders/q1/wcplx44n3mz7_hby0dc7z_fh0000gn/T/chromatic--15170-o3KjA2y54Xq7/[22m[2massets/[22m[36mreact-18-3be32217.js                    [39m[1m[2m134.55 kB[22m[1m[22m[2m │ gzip:  43.44 kB[22m
[2m../../../../../../var/folders/q1/wcplx44n3mz7_hby0dc7z_fh0000gn/T/chromatic--15170-o3KjA2y54Xq7/[22m[2massets/[22m[36mentry-preview-docs-2858a8ef.js          [39m[1m[2m322.57 kB[22m[1m[22m[2m │ gzip:  99.09 kB[22m
[2m../../../../../../var/folders/q1/wcplx44n3mz7_hby0dc7z_fh0000gn/T/chromatic--15170-o3KjA2y54Xq7/[22m[2massets/[22m[36mDocsRenderer-NNNQARDV-37fb4b81.js       [39m[1m[33m542.81 kB[39m[22m[2m │ gzip: 176.93 kB[22m
[2m../../../../../../var/folders/q1/wcplx44n3mz7_hby0dc7z_fh0000gn/T/chromatic--15170-o3KjA2y54Xq7/[22m[2massets/[22m[36mformatter-SWP5E3XI-76ed47b9.js          [39m[1m[33m601.55 kB[39m[22m[2m │ gzip: 185.00 kB[22m
[33m
(!) Some chunks are larger than 500 kBs after minification. Consider:
- Using dynamic import() to code-split the application
- Use build.rollupOptions.output.manualChunks to improve chunking: https://rollupjs.org/configuration-options/#output-manualchunks
- Adjust chunk size limit for this warning via build.chunkSizeWarningLimit.[39m
[vite:dts] Start generate declaration files...
[32m✓ built in 4.02s[39m
[vite:dts] Declaration files built in 623ms.
info => Preview built ([38;2;181;126;229m5.04 s[39m)
info => Output directory: /var/folders/q1/wcplx44n3mz7_hby0dc7z_fh0000gn/T/chromatic--15170-o3KjA2y54Xq7

 

 >  NX   Successfully ran target build-storybook for project box2



 >  NX   Nx Cloud Problems

   - 401: Unable to connect to Nx Cloud.

